[heartbeat] User is away. Skipping.
[heartbeat] User is away. Skipping.
[heartbeat] User is away. Skipping.
[heartbeat] User is away. Skipping.
[heartbeat] User is away. Skipping.
[heartbeat] User is away. Skipping.
[heartbeat] User is away. Skipping.
[heartbeat] User is away. Skipping.
[heartbeat] User is away. Skipping.
[heartbeat] User is away. Skipping.
[heartbeat] No HEARTBEAT.md found. Skipping.
[heartbeat] User is away. Skipping.
[heartbeat] Outside active hours (7-23). Skipping.
[heartbeat] Outside active hours (7-23). Skipping.
[heartbeat] Outside active hours (7-23). Skipping.
[heartbeat] Outside active hours (7-23). Skipping.
[heartbeat] Outside active hours (7-23). Skipping.
[heartbeat] Outside active hours (7-23). Skipping.
[heartbeat] Outside active hours (7-23). Skipping.
[heartbeat] Outside active hours (7-23). Skipping.
[heartbeat] Outside active hours (7-23). Skipping.
[heartbeat] Outside active hours (7-23). Skipping.
[heartbeat] Outside active hours (7-23). Skipping.
[heartbeat] Outside active hours (7-23). Skipping.
[heartbeat] Outside active hours (7-23). Skipping.
[heartbeat] Outside active hours (7-23). Skipping.
[heartbeat] Outside active hours (7-23). Skipping.
[heartbeat] Outside active hours (7-23). Skipping.
[heartbeat] No HEARTBEAT.md found. Skipping.
[heartbeat] User is away. Skipping.
[heartbeat] User is away. Skipping.
[heartbeat] User is away. Skipping.
[heartbeat] User is away. Skipping.
[heartbeat] User is away. Skipping.
[heartbeat] User is away. Skipping.
[heartbeat] User is away. Skipping.
[heartbeat] User is away. Skipping.
[heartbeat] User is away. Skipping.
[heartbeat] User is away. Skipping.
[heartbeat] User is away. Skipping.
[heartbeat] User is away. Skipping.
[heartbeat] User is away. Skipping.
[heartbeat] User is away. Skipping.
[heartbeat] User is away. Skipping.
[heartbeat] User is away. Skipping.
[heartbeat] User is away. Skipping.
[heartbeat] User is away. Skipping.
[heartbeat] User is away. Skipping.
[heartbeat] Running evaluation (cold)...
  [effort: high]
  [inference] new | 211 chars, 4 sentences | 13.1s
[heartbeat] Response: [SEVERITY:12] 

[HEARTBEAT_OK] You just came online seconds ago. Project init is already flagged in the system message. ...
[heartbeat] Severity: 12/100
[heartbeat] Below threshold (12). Suppressed.
[heartbeat] User is away. Skipping.
[heartbeat] User is away. Skipping.
[heartbeat] User is away. Skipping.
[heartbeat] User is away. Skipping.
[heartbeat] User is away. Skipping.
[heartbeat] User is away. Skipping.
[heartbeat] User is away. Skipping.
[heartbeat] User is away. Skipping.
[heartbeat] User is away. Skipping.
[heartbeat] User is away. Skipping.
[heartbeat] User is away. Skipping.
[heartbeat] Outside active hours (7-23). Skipping.
[heartbeat] Outside active hours (7-23). Skipping.
[heartbeat] Outside active hours (7-23). Skipping.
[heartbeat] Outside active hours (7-23). Skipping.
[heartbeat] Outside active hours (7-23). Skipping.
[heartbeat] Outside active hours (7-23). Skipping.
[heartbeat] Outside active hours (7-23). Skipping.
[heartbeat] Outside active hours (7-23). Skipping.
[heartbeat] Outside active hours (7-23). Skipping.
[heartbeat] Outside active hours (7-23). Skipping.
[heartbeat] Outside active hours (7-23). Skipping.
[heartbeat] Outside active hours (7-23). Skipping.
[heartbeat] Outside active hours (7-23). Skipping.
[heartbeat] Outside active hours (7-23). Skipping.
[heartbeat] Outside active hours (7-23). Skipping.
[heartbeat] Outside active hours (7-23). Skipping.
[heartbeat] Running evaluation (cold)...
  [effort: high]
  [inference] new | 179 chars, 3 sentences | 11.1s
[heartbeat] Response: [SEVERITY:10] 

[HEARTBEAT_OK] You just opened the session. The startup flow is running normally. Project initialization...
[heartbeat] Severity: 10/100
[heartbeat] Below threshold (10). Suppressed.
[heartbeat] User is away. Skipping.
[heartbeat] User is away. Skipping.
[heartbeat] User is away. Skipping.
[heartbeat] User is away. Skipping.
[heartbeat] User is away. Skipping.
[heartbeat] User is away. Skipping.
[heartbeat] User is away. Skipping.
[heartbeat] User is away. Skipping.
[heartbeat] User is away. Skipping.
[heartbeat] User is away. Skipping.
[heartbeat] User is away. Skipping.
[heartbeat] User is away. Skipping.
[heartbeat] User is away. Skipping.
[heartbeat] User is away. Skipping.
[heartbeat] User is away. Skipping.
[heartbeat] User is away. Skipping.
[heartbeat] User is away. Skipping.
[heartbeat] User is away. Skipping.
[heartbeat] User is away. Skipping.
[heartbeat] User is away. Skipping.
[heartbeat] User is away. Skipping.
[heartbeat] User is away. Skipping.
[heartbeat] User is away. Skipping.
[heartbeat] User is away. Skipping.
[heartbeat] User is away. Skipping.
[heartbeat] User is away. Skipping.
[heartbeat] User is away. Skipping.
[heartbeat] User is away. Skipping.
[heartbeat] User is away. Skipping.
[heartbeat] User is away. Skipping.
